<?xml version="1.0" encoding="UTF-8"?>
<!-- Generated by org.testng.reporters.JUnitXMLReporter -->
<testsuite hostname="MacBook-Pro-de-Melissa.local" ignored="0" name="Default test" tests="3" failures="0" timestamp="27 feb 2018 04:37:24 GMT" time="4.453" errors="0">
  <testcase name="deleteTweet" time="3.169" classname="TWITTERAPI.twitter"/>
  <testcase name="getAllTweets" time="0.548" classname="TWITTERAPI.twitter"/>
  <testcase name="postTweet" time="0.698" classname="TWITTERAPI.twitter"/>
</testsuite> <!-- Default test -->
