<?xml version="1.0" encoding="UTF-8"?>
<!-- Generated by org.testng.reporters.JUnitXMLReporter -->
<testsuite hostname="MacBook-Pro-de-Melissa.local" ignored="0" name="Test" tests="11" failures="0" timestamp="27 feb 2018 04:51:52 GMT" time="14.733" errors="0">
  <testcase name="postData" time="3.405" classname="BasicTests.Basic2"/>
  <testcase name="postanddeleteData" time="1.51" classname="BasicTests.Basic2"/>
  <testcase name="Test" time="1.452" classname="BasicTests.Basic3"/>
  <testcase name="postanddeleteData" time="1.363" classname="BasicTests.Basic3"/>
  <testcase name="Test" time="0.904" classname="BasicTests.Basic5"/>
  <testcase name="Test" time="0.794" classname="BasicTests.TestNG"/>
  <testcase name="deleteTweet" time="1.392" classname="TWITTERAPI.twitter"/>
  <testcase name="getAllTweets" time="0.637" classname="TWITTERAPI.twitter"/>
  <testcase name="postTweet" time="0.785" classname="TWITTERAPI.twitter"/>
  <testcase name="Test" time="0.909" classname="BasicTests.Basic4XML"/>
  <testcase name="postanddeleteData" time="1.516" classname="BasicTests.Basic4XML"/>
</testsuite> <!-- Test -->
