<?xml version="1.0" encoding="UTF-8"?>
<!-- Generated by org.testng.reporters.JUnitXMLReporter -->
<testsuite hostname="MacBook-Pro-de-Melissa.local" ignored="0" name="Test" tests="11" failures="0" timestamp="27 feb 2018 04:58:04 GMT" time="16.159" errors="0">
  <testcase name="postData" time="4.872" classname="BasicTests.Basic2"/>
  <testcase name="postanddeleteData" time="1.338" classname="BasicTests.Basic2"/>
  <testcase name="Test" time="1.354" classname="BasicTests.Basic3"/>
  <testcase name="postanddeleteData" time="1.635" classname="BasicTests.Basic3"/>
  <testcase name="Test" time="1.068" classname="BasicTests.Basic5"/>
  <testcase name="Test" time="0.844" classname="BasicTests.TestNG"/>
  <testcase name="deleteTweet" time="1.641" classname="TWITTERAPI.twitter"/>
  <testcase name="getAllTweets" time="0.518" classname="TWITTERAPI.twitter"/>
  <testcase name="postTweet" time="0.703" classname="TWITTERAPI.twitter"/>
  <testcase name="Test" time="0.72" classname="BasicTests.Basic4XML"/>
  <testcase name="postanddeleteData" time="1.424" classname="BasicTests.Basic4XML"/>
</testsuite> <!-- Test -->
