<?xml version="1.0" encoding="UTF-8"?>
<testsuite xmlns:xsi="http://www.w3.org/2001/XMLSchema-instance" xsi:noNamespaceSchemaLocation="https://maven.apache.org/surefire/maven-surefire-plugin/xsd/surefire-test-report.xsd" name="TestSuite" time="18.176" tests="11" errors="0" skipped="0" failures="0">
  <properties>
[...]
</properties>
  <testcase name="postData" classname="BasicTests.Basic2" time="4.872"/>
  <testcase name="postanddeleteData" classname="BasicTests.Basic2" time="1.338"/>
  <testcase name="Test" classname="BasicTests.Basic3" time="1.354"/>
  <testcase name="postanddeleteData" classname="BasicTests.Basic3" time="1.636"/>
  <testcase name="Test" classname="BasicTests.Basic5" time="1.068"/>
  <testcase name="Test" classname="BasicTests.TestNG" time="0.845"/>
  <testcase name="deleteTweet" classname="TWITTERAPI.twitter" time="1.642"/>
  <testcase name="getAllTweets" classname="TWITTERAPI.twitter" time="0.518"/>
  <testcase name="postTweet" classname="TWITTERAPI.twitter" time="0.703"/>
  <testcase name="Test" classname="BasicTests.Basic4XML" time="0.721"/>
  <testcase name="postanddeleteData" classname="BasicTests.Basic4XML" time="1.425"/>
</testsuite>