<?xml version="1.0" encoding="UTF-8"?>
<testng-results skipped="0" failed="0" ignored="0" total="11" passed="11">
  <reporter-output>
  </reporter-output>
  <suite name="Suite" duration-ms="14733" started-at="2018-02-27T04:51:37Z" finished-at="2018-02-27T04:51:52Z">
    <groups>
    </groups>
    <test name="Test" duration-ms="14733" started-at="2018-02-27T04:51:37Z" finished-at="2018-02-27T04:51:52Z">
      <class name="TWITTERAPI.twitter">
        <test-method status="PASS" signature="deleteTweet()[pri:0, instance:TWITTERAPI.twitter@6adbc9d]" name="deleteTweet" duration-ms="1392" started-at="2018-02-27T04:51:47Z" finished-at="2018-02-27T04:51:48Z">
          <reporter-output>
          </reporter-output>
        </test-method> <!-- deleteTweet -->
        <test-method status="PASS" signature="getAllTweets()[pri:0, instance:TWITTERAPI.twitter@6adbc9d]" name="getAllTweets" duration-ms="637" started-at="2018-02-27T04:51:48Z" finished-at="2018-02-27T04:51:49Z">
          <reporter-output>
          </reporter-output>
        </test-method> <!-- getAllTweets -->
        <test-method status="PASS" signature="postTweet()[pri:0, instance:TWITTERAPI.twitter@6adbc9d]" name="postTweet" duration-ms="785" started-at="2018-02-27T04:51:49Z" finished-at="2018-02-27T04:51:50Z">
          <reporter-output>
          </reporter-output>
        </test-method> <!-- postTweet -->
      </class> <!-- TWITTERAPI.twitter -->
      <class name="BasicTests.Basic2">
        <test-method status="PASS" signature="postData()[pri:0, instance:BasicTests.Basic2@4ec4f3a0]" name="postData" duration-ms="3405" started-at="2018-02-27T04:51:37Z" finished-at="2018-02-27T04:51:41Z">
          <reporter-output>
          </reporter-output>
        </test-method> <!-- postData -->
        <test-method status="PASS" signature="postanddeleteData()[pri:0, instance:BasicTests.Basic2@4ec4f3a0]" name="postanddeleteData" duration-ms="1510" started-at="2018-02-27T04:51:41Z" finished-at="2018-02-27T04:51:42Z">
          <reporter-output>
          </reporter-output>
        </test-method> <!-- postanddeleteData -->
      </class> <!-- BasicTests.Basic2 -->
      <class name="BasicTests.Basic5">
        <test-method status="PASS" signature="Test()[pri:0, instance:BasicTests.Basic5@c8c12ac]" name="Test" duration-ms="904" started-at="2018-02-27T04:51:45Z" finished-at="2018-02-27T04:51:46Z">
          <reporter-output>
          </reporter-output>
        </test-method> <!-- Test -->
      </class> <!-- BasicTests.Basic5 -->
      <class name="BasicTests.Basic3">
        <test-method status="PASS" signature="getData()[pri:0, instance:BasicTests.Basic3@1623b78d]" name="getData" is-config="true" duration-ms="17" started-at="2018-02-27T04:51:37Z" finished-at="2018-02-27T04:51:37Z">
          <reporter-output>
          </reporter-output>
        </test-method> <!-- getData -->
        <test-method status="PASS" signature="getData()[pri:0, instance:BasicTests.Basic5@c8c12ac]" name="getData" is-config="true" duration-ms="1" started-at="2018-02-27T04:51:37Z" finished-at="2018-02-27T04:51:37Z">
          <reporter-output>
          </reporter-output>
        </test-method> <!-- getData -->
        <test-method status="PASS" signature="getData()[pri:0, instance:BasicTests.Basic4XML@4550bb58]" name="getData" is-config="true" duration-ms="0" started-at="2018-02-27T04:51:37Z" finished-at="2018-02-27T04:51:37Z">
          <reporter-output>
          </reporter-output>
        </test-method> <!-- getData -->
        <test-method status="PASS" signature="getData()[pri:0, instance:TWITTERAPI.twitter@6adbc9d]" name="getData" is-config="true" duration-ms="1" started-at="2018-02-27T04:51:37Z" finished-at="2018-02-27T04:51:37Z">
          <reporter-output>
          </reporter-output>
        </test-method> <!-- getData -->
        <test-method status="PASS" signature="Test()[pri:0, instance:BasicTests.Basic3@1623b78d]" name="Test" duration-ms="1452" started-at="2018-02-27T04:51:42Z" finished-at="2018-02-27T04:51:44Z">
          <reporter-output>
          </reporter-output>
        </test-method> <!-- Test -->
        <test-method status="PASS" signature="postanddeleteData()[pri:0, instance:BasicTests.Basic3@1623b78d]" name="postanddeleteData" duration-ms="1363" started-at="2018-02-27T04:51:44Z" finished-at="2018-02-27T04:51:45Z">
          <reporter-output>
          </reporter-output>
        </test-method> <!-- postanddeleteData -->
      </class> <!-- BasicTests.Basic3 -->
      <class name="BasicTests.Basic4XML">
        <test-method status="PASS" signature="Test()[pri:0, instance:BasicTests.Basic4XML@4550bb58]" name="Test" duration-ms="909" started-at="2018-02-27T04:51:50Z" finished-at="2018-02-27T04:51:51Z">
          <reporter-output>
          </reporter-output>
        </test-method> <!-- Test -->
        <test-method status="PASS" signature="postanddeleteData()[pri:0, instance:BasicTests.Basic4XML@4550bb58]" name="postanddeleteData" duration-ms="1516" started-at="2018-02-27T04:51:51Z" finished-at="2018-02-27T04:51:52Z">
          <reporter-output>
          </reporter-output>
        </test-method> <!-- postanddeleteData -->
      </class> <!-- BasicTests.Basic4XML -->
      <class name="BasicTests.TestNG">
        <test-method status="PASS" signature="Test()[pri:0, instance:BasicTests.TestNG@223191a6]" name="Test" duration-ms="794" started-at="2018-02-27T04:51:46Z" finished-at="2018-02-27T04:51:47Z">
          <reporter-output>
          </reporter-output>
        </test-method> <!-- Test -->
      </class> <!-- BasicTests.TestNG -->
    </test> <!-- Test -->
  </suite> <!-- Suite -->
</testng-results>
